<?xml version="1.0" encoding="UTF-8"?>
<testsuite name="com.liligo.mapper.BookingMapperTest" tests="2" skipped="0" failures="0" errors="0" timestamp="2024-08-18T06:58:11" hostname="GBSN0191.local" time="0.009">
  <properties/>
  <testcase name="mapTestNotModifyAble()" classname="com.liligo.mapper.BookingMapperTest" time="0.005"/>
  <testcase name="mapTest()" classname="com.liligo.mapper.BookingMapperTest" time="0.003"/>
  <system-out><![CDATA[2024-08-18T08:58:11.319+02:00  INFO 29794 --- [    Test worker] [                                                 ] t.c.s.AnnotationConfigContextLoaderUtils : Could not detect default configuration classes for test class [com.liligo.mapper.BookingMapperTest]: BookingMapperTest does not declare any static, non-private, non-final, nested classes annotated with @Configuration.
2024-08-18T08:58:11.323+02:00  INFO 29794 --- [    Test worker] [                                                 ] .b.t.c.SpringBootTestContextBootstrapper : Found @SpringBootConfiguration com.liligo.AirportShuttleApplication for test class com.liligo.mapper.BookingMapperTest
]]></system-out>
  <system-err><![CDATA[]]></system-err>
</testsuite>
