<?xml version="1.0" encoding="UTF-8"?>
<testsuite name="com.liligo.AirportShuttleApplicationTest" tests="1" skipped="0" failures="0" errors="0" timestamp="2024-08-18T06:58:10" hostname="GBSN0191.local" time="0.251">
  <properties/>
  <testcase name="contextLoads()" classname="com.liligo.AirportShuttleApplicationTest" time="0.251"/>
  <system-out><![CDATA[08:58:08.462 [Test worker] INFO org.springframework.test.context.support.AnnotationConfigContextLoaderUtils -- Could not detect default configuration classes for test class [com.liligo.AirportShuttleApplicationTest]: AirportShuttleApplicationTest does not declare any static, non-private, non-final, nested classes annotated with @Configuration.
08:58:08.494 [Test worker] INFO org.springframework.boot.test.context.SpringBootTestContextBootstrapper -- Found @SpringBootConfiguration com.liligo.AirportShuttleApplication for test class com.liligo.AirportShuttleApplicationTest

  .   ____          _            __ _ _
 /\\ / ___'_ __ _ _(_)_ __  __ _ \ \ \ \
( ( )\___ | '_ | '_| | '_ \/ _` | \ \ \ \
 \\/  ___)| |_)| | | | | || (_| |  ) ) ) )
  '  |____| .__|_| |_|_| |_\__, | / / / /
 =========|_|==============|___/=/_/_/_/
 :: Spring Boot ::                (v3.2.0)

2024-08-18T08:58:08.620+02:00  INFO 29794 --- [    Test worker] [                                                 ] c.liligo.AirportShuttleApplicationTest   : Starting AirportShuttleApplicationTest using Java 19.0.2 with PID 29794 (started by szanto.diana in /Users/szanto.diana/IdeaProjects/airport-shuttle-booking-service)
2024-08-18T08:58:08.620+02:00  INFO 29794 --- [    Test worker] [                                                 ] c.liligo.AirportShuttleApplicationTest   : The following 1 profile is active: "test"
2024-08-18T08:58:08.904+02:00  INFO 29794 --- [    Test worker] [                                                 ] .s.d.r.c.RepositoryConfigurationDelegate : Bootstrapping Spring Data JPA repositories in DEFAULT mode.
2024-08-18T08:58:08.925+02:00  INFO 29794 --- [    Test worker] [                                                 ] .s.d.r.c.RepositoryConfigurationDelegate : Finished Spring Data repository scanning in 19 ms. Found 6 JPA repository interfaces.
2024-08-18T08:58:09.158+02:00  INFO 29794 --- [    Test worker] [                                                 ] o.hibernate.jpa.internal.util.LogHelper  : HHH000204: Processing PersistenceUnitInfo [name: default]
2024-08-18T08:58:09.176+02:00  INFO 29794 --- [    Test worker] [                                                 ] org.hibernate.Version                    : HHH000412: Hibernate ORM core version 6.3.1.Final
2024-08-18T08:58:09.185+02:00  INFO 29794 --- [    Test worker] [                                                 ] o.h.c.internal.RegionFactoryInitiator    : HHH000026: Second-level cache disabled
2024-08-18T08:58:09.253+02:00  INFO 29794 --- [    Test worker] [                                                 ] o.s.o.j.p.SpringPersistenceUnitInfo      : No LoadTimeWeaver setup: ignoring JPA class transformer
2024-08-18T08:58:09.261+02:00  INFO 29794 --- [    Test worker] [                                                 ] com.zaxxer.hikari.HikariDataSource       : HikariPool-1 - Starting...
2024-08-18T08:58:09.324+02:00  INFO 29794 --- [    Test worker] [                                                 ] com.zaxxer.hikari.pool.HikariPool        : HikariPool-1 - Added connection conn0: url=jdbc:h2:mem:airport-shuttle user=ROOT
2024-08-18T08:58:09.325+02:00  INFO 29794 --- [    Test worker] [                                                 ] com.zaxxer.hikari.HikariDataSource       : HikariPool-1 - Start completed.
2024-08-18T08:58:09.333+02:00  WARN 29794 --- [    Test worker] [                                                 ] org.hibernate.orm.deprecation            : HHH90000025: H2Dialect does not need to be specified explicitly using 'hibernate.dialect' (remove the property setting and it will be selected by default)
2024-08-18T08:58:09.653+02:00  INFO 29794 --- [    Test worker] [                                                 ] o.h.e.t.j.p.i.JtaPlatformInitiator       : HHH000489: No JTA platform available (set 'hibernate.transaction.jta.platform' to enable JTA platform integration)
2024-08-18T08:58:09.654+02:00  INFO 29794 --- [    Test worker] [                                                 ] j.LocalContainerEntityManagerFactoryBean : Initialized JPA EntityManagerFactory for persistence unit 'default'
2024-08-18T08:58:09.809+02:00  INFO 29794 --- [    Test worker] [                                                 ] o.s.d.j.r.query.QueryEnhancerFactory     : Hibernate is in classpath; If applicable, HQL parser will be used.
2024-08-18T08:58:10.124+02:00  WARN 29794 --- [    Test worker] [                                                 ] JpaBaseConfiguration$JpaWebConfiguration : spring.jpa.open-in-view is enabled by default. Therefore, database queries may be performed during view rendering. Explicitly configure spring.jpa.open-in-view to disable this warning
2024-08-18T08:58:10.466+02:00  INFO 29794 --- [    Test worker] [                                                 ] o.s.b.a.e.web.EndpointLinksResolver      : Exposing 1 endpoint(s) beneath base path '/actuator'
2024-08-18T08:58:10.500+02:00  INFO 29794 --- [    Test worker] [                                                 ] c.liligo.AirportShuttleApplicationTest   : Started AirportShuttleApplicationTest in 1.964 seconds (process running for 2.354)
]]></system-out>
  <system-err><![CDATA[]]></system-err>
</testsuite>
