<?xml version="1.0" encoding="UTF-8"?>
<testsuite name="com.liligo.controller.BookingControllerTest" tests="5" skipped="0" failures="0" errors="0" timestamp="2024-08-18T06:58:11" hostname="GBSN0191.local" time="0.096">
  <properties/>
  <testcase name="updateBooking()" classname="com.liligo.controller.BookingControllerTest" time="0.072"/>
  <testcase name="getBookingDetail()" classname="com.liligo.controller.BookingControllerTest" time="0.004"/>
  <testcase name="cancelBooking()" classname="com.liligo.controller.BookingControllerTest" time="0.003"/>
  <testcase name="testBookShuttle()" classname="com.liligo.controller.BookingControllerTest" time="0.007"/>
  <testcase name="getAllBookings()" classname="com.liligo.controller.BookingControllerTest" time="0.006"/>
  <system-out><![CDATA[2024-08-18T08:58:10.791+02:00  INFO 29794 --- [    Test worker] [                                                 ] t.c.s.AnnotationConfigContextLoaderUtils : Could not detect default configuration classes for test class [com.liligo.controller.BookingControllerTest]: BookingControllerTest does not declare any static, non-private, non-final, nested classes annotated with @Configuration.
2024-08-18T08:58:10.798+02:00  INFO 29794 --- [    Test worker] [                                                 ] .b.t.c.SpringBootTestContextBootstrapper : Found @SpringBootConfiguration com.liligo.AirportShuttleApplication for test class com.liligo.controller.BookingControllerTest

  .   ____          _            __ _ _
 /\\ / ___'_ __ _ _(_)_ __  __ _ \ \ \ \
( ( )\___ | '_ | '_| | '_ \/ _` | \ \ \ \
 \\/  ___)| |_)| | | | | || (_| |  ) ) ) )
  '  |____| .__|_| |_|_| |_\__, | / / / /
 =========|_|==============|___/=/_/_/_/
 :: Spring Boot ::                (v3.2.0)

2024-08-18T08:58:10.806+02:00  INFO 29794 --- [    Test worker] [                                                 ] c.l.controller.BookingControllerTest     : Starting BookingControllerTest using Java 19.0.2 with PID 29794 (started by szanto.diana in /Users/szanto.diana/IdeaProjects/airport-shuttle-booking-service)
2024-08-18T08:58:10.806+02:00  INFO 29794 --- [    Test worker] [                                                 ] c.l.controller.BookingControllerTest     : The following 1 profile is active: "test"
2024-08-18T08:58:11.058+02:00  INFO 29794 --- [    Test worker] [                                                 ] o.s.b.t.m.w.SpringBootMockServletContext : Initializing Spring TestDispatcherServlet ''
2024-08-18T08:58:11.058+02:00  INFO 29794 --- [    Test worker] [                                                 ] o.s.t.web.servlet.TestDispatcherServlet  : Initializing Servlet ''
2024-08-18T08:58:11.060+02:00  INFO 29794 --- [    Test worker] [                                                 ] o.s.t.web.servlet.TestDispatcherServlet  : Completed initialization in 1 ms
2024-08-18T08:58:11.065+02:00  INFO 29794 --- [    Test worker] [                                                 ] c.l.controller.BookingControllerTest     : Started BookingControllerTest in 0.266 seconds (process running for 2.919)
]]></system-out>
  <system-err><![CDATA[]]></system-err>
</testsuite>
