<?xml version="1.0" encoding="UTF-8"?>
<testsuite name="com.liligo.mapper.CustomerMapperTest" tests="1" skipped="0" failures="0" errors="0" timestamp="2024-08-18T06:58:11" hostname="GBSN0191.local" time="0.001">
  <properties/>
  <testcase name="mapTest()" classname="com.liligo.mapper.CustomerMapperTest" time="0.001"/>
  <system-out><![CDATA[]]></system-out>
  <system-err><![CDATA[]]></system-err>
</testsuite>
